0 info it worked if it ends with ok
1 verbose cli [ '/Users/sergiomarin/.nvm/versions/node/v4.2.0/bin/node',
1 verbose cli   '/usr/local/bin/npm',
1 verbose cli   'publish' ]
2 info using npm@2.13.3
3 info using node@v4.2.0
4 verbose publish [ '.' ]
5 silly cache add args [ '.', null ]
6 verbose cache add spec .
7 silly cache add parsed spec Result {
7 silly cache add   raw: '.',
7 silly cache add   scope: null,
7 silly cache add   name: null,
7 silly cache add   rawSpec: '.',
7 silly cache add   spec: '/Users/sergiomarin/Proyectos/estudios/shaco',
7 silly cache add   type: 'directory' }
8 verbose addLocalDirectory /Users/sergiomarin/.npm/shadow-component/0.2.2/package.tgz not in flight; packing
9 verbose tar pack [ '/Users/sergiomarin/.npm/shadow-component/0.2.2/package.tgz',
9 verbose tar pack   '/Users/sergiomarin/Proyectos/estudios/shaco' ]
10 verbose tarball /Users/sergiomarin/.npm/shadow-component/0.2.2/package.tgz
11 verbose folder /Users/sergiomarin/Proyectos/estudios/shaco
12 info prepublish shadow-component@0.2.2
13 verbose addLocalTarball adding from inside cache /Users/sergiomarin/.npm/shadow-component/0.2.2/package.tgz
14 silly cache afterAdd shadow-component@0.2.2
15 verbose afterAdd /Users/sergiomarin/.npm/shadow-component/0.2.2/package/package.json not in flight; writing
16 verbose afterAdd /Users/sergiomarin/.npm/shadow-component/0.2.2/package/package.json written
17 silly publish { name: 'shadow-component',
17 silly publish   version: '0.2.2',
17 silly publish   description: 'This is a test implementation of components with shadow dom and full template rendering of changes of state',
17 silly publish   main: 'index.js',
17 silly publish   scripts:
17 silly publish    { build: 'babel babel -d source',
17 silly publish      watch: 'babel -w babel -d source',
17 silly publish      'build-browser': 'browserify source/index.js --standalone Shaco | uglifyjs -c > ./dist/shacho.min.js',
17 silly publish      'watch-browser': 'watchify source/index.js -o ./dist/shaco.js --standalone Shaco -v',
17 silly publish      test: 'echo "Error: no test specified" && exit 1' },
17 silly publish   repository:
17 silly publish    { type: 'git',
17 silly publish      url: 'git+https://github.com/highercomve/shadow-component.git' },
17 silly publish   keywords: [ 'shadow', 'dom', 'dom', 'component' ],
17 silly publish   author: { name: 'Sergio Marin' },
17 silly publish   license: 'ISC',
17 silly publish   bugs: { url: 'https://github.com/highercomve/shadow-component/issues' },
17 silly publish   babel: { presets: [ 'es2015' ] },
17 silly publish   browserify: { transform: [ [Object] ] },
17 silly publish   homepage: 'https://github.com/highercomve/shadow-component#readme',
17 silly publish   devDependencies:
17 silly publish    { 'babel-cli': '^6.6.5',
17 silly publish      'babel-core': '^6.7.2',
17 silly publish      'babel-preset-es2015': '^6.5.0',
17 silly publish      babelify: '^7.2.0',
17 silly publish      browserify: '^13.0.0',
17 silly publish      uglifyjs: '^2.4.10',
17 silly publish      watchify: '^3.7.0' },
17 silly publish   dependencies:
17 silly publish    { 'document-register-element': '^0.5.4',
17 silly publish      'incremental-dom': '^0.3.0' },
17 silly publish   readme: 'This is Shaco\n==============\n\nShaco is a simple experiment with Shadow DOM and "component", Shaco permit you create Components that use Shado DOM templates.\n\nThis will create a new custom HTML element and inside will put you Shadow DOW template. Shaco use Incremental DOM from Google in order to render components\n\nA Shaco Component is created in this way:\n\n```js\nShaco.ComponentFactory({\n\telementName: string // The name of the new custom html tag\n\tstate(), // default state\n\tonMount(), // This is a callback attached to the native callback \'attachedCallback\' for the custom element\n\tonUnMount(), // This is a callback attachedt to the native calbback \'detachedCallback\' for the custom element\n\ttemplate: string, // Define the Shadow DOM template\n\tview: string | function, // This define how you custom element will render when state chage. The function must use Shaco.createElement sintax\n\t// Events will be decrated\n\tevents: Array // This is an array on Event (A Object that need Shaco to delagate listeners), the espeficication is below\n})\n```\n\nThe other 2 important concepts are:\n\n- The Shaco.createElement\n- Event Object\n\n### The Shaco.createElement\n\nThis is a function that create a new HTML element, this element could be assigned to your custom element innerHTML\n\n```js\nShaco.createElement(TagName, key, state, DOMElementAttributesObj, Child)\n```\n\n- TagName: This is the name of the element to create, could be a estandar HTML tag or a custom Tag (like one component created with shaco)\n- key: in order to indentify array of elements, use it when you map over and array of objects\n- state: If the tag is a Shaco Component, this will be the initial state of the component\n- DOMElementAttributesObj: Whatever DOM element attibute that is right now supported, like style or class, etc.\n- Child: Another Shaco.createElement or a string that will be inside the element created\n\n### Event Object\n\nIMPORTANT: This is no longer required. Now you use normal events on Shaco.createElement\n\nThe event object will be used to delegate listeners on the Component. This is the structure of the Event Objet:\n\n```js\n{\n\tselector: string, // this is the Child selector for the delagation\n\ttype:  string, // the normal set of events for the function addEventListeners\n\tcalback: function // the function that will be excuted when the event is fire\n}\n```\n\n### Example\n\nThis is an example of how to use Shaco, see the example folder or the TODO example in this [Repository](https://github.com/highercomve/shaco-todo)\n',
17 silly publish   readmeFilename: 'README.md',
17 silly publish   gitHead: 'e8f7bc5426811895390bf06e5d13033760f142ee',
17 silly publish   _id: 'shadow-component@0.2.2',
17 silly publish   _shasum: '71d55f58f2a74e1573acdd45d0a0c8c22dbe66db',
17 silly publish   _from: '.' }
18 verbose getPublishConfig undefined
19 silly mapToRegistry name shadow-component
20 silly mapToRegistry using default registry
21 silly mapToRegistry registry https://registry.npmjs.org/
22 silly mapToRegistry uri https://registry.npmjs.org/shadow-component
23 verbose publish registryBase https://registry.npmjs.org/
24 silly publish uploading /Users/sergiomarin/.npm/shadow-component/0.2.2/package.tgz
25 verbose request uri https://registry.npmjs.org/shadow-component
26 verbose request sending authorization for write operation
27 info attempt registry request try #1 at 8:12:02 PM
28 verbose request using bearer token for auth
29 verbose request id d8ef6ef31d52b9b1
30 http request PUT https://registry.npmjs.org/shadow-component
31 http 403 https://registry.npmjs.org/shadow-component
32 verbose headers { 'content-type': 'application/json',
32 verbose headers   'cache-control': 'max-age=300',
32 verbose headers   'content-length': '95',
32 verbose headers   'accept-ranges': 'bytes',
32 verbose headers   date: 'Fri, 18 Mar 2016 23:12:06 GMT',
32 verbose headers   via: '1.1 varnish',
32 verbose headers   connection: 'keep-alive',
32 verbose headers   'x-served-by': 'cache-atl6223-ATL',
32 verbose headers   'x-cache': 'MISS',
32 verbose headers   'x-cache-hits': '0',
32 verbose headers   'x-timer': 'S1458342724.768293,VS0,VE1835' }
33 verbose request invalidating /Users/sergiomarin/.npm/registry.npmjs.org/shadow-component on PUT
34 error publish Failed PUT 403
35 verbose stack Error: "You cannot publish over the previously published version 0.2.2." : shadow-component
35 verbose stack     at CachingRegistryClient.<anonymous> (/usr/local/lib/node_modules/npm/node_modules/npm-registry-client/lib/request.js:247:14)
35 verbose stack     at Request._callback (/usr/local/lib/node_modules/npm/node_modules/npm-registry-client/lib/request.js:170:14)
35 verbose stack     at Request.self.callback (/usr/local/lib/node_modules/npm/node_modules/request/request.js:198:22)
35 verbose stack     at emitTwo (events.js:87:13)
35 verbose stack     at Request.emit (events.js:172:7)
35 verbose stack     at Request.<anonymous> (/usr/local/lib/node_modules/npm/node_modules/request/request.js:1057:14)
35 verbose stack     at emitOne (events.js:82:20)
35 verbose stack     at Request.emit (events.js:169:7)
35 verbose stack     at IncomingMessage.<anonymous> (/usr/local/lib/node_modules/npm/node_modules/request/request.js:1003:12)
35 verbose stack     at emitNone (events.js:72:20)
36 verbose statusCode 403
37 verbose pkgid shadow-component
38 verbose cwd /Users/sergiomarin/Proyectos/estudios/shaco
39 error Darwin 13.4.0
40 error argv "/Users/sergiomarin/.nvm/versions/node/v4.2.0/bin/node" "/usr/local/bin/npm" "publish"
41 error node v4.2.0
42 error npm  v2.13.3
43 error code E403
44 error "You cannot publish over the previously published version 0.2.2." : shadow-component
45 error If you need help, you may report this error at:
45 error     <https://github.com/npm/npm/issues>
46 verbose exit [ 1, true ]
